2017-08-27 12:10:04,829 [Worker-21] INFO  o.e.m.c.i.l.LifecycleMappingFactory - Using org.eclipse.m2e.jdt.JarLifecycleMapping lifecycle mapping for MavenProject: com.shawinc.springboot:springboot-project-1:0.0.1-SNAPSHOT @ C:\workspaces\springBootTest\springboot-project-1\pom.xml.
2017-08-27 12:10:06,947 [Worker-21] INFO  o.e.m.j.i.AbstractJavaProjectConfigurator - Adding source folder /springboot-project-1/src/main/java
2017-08-27 12:10:06,949 [Worker-21] INFO  o.e.m.j.i.AbstractJavaProjectConfigurator - Adding resource folder /springboot-project-1/src/main/resources
2017-08-27 12:10:06,949 [Worker-21] INFO  o.e.m.j.i.AbstractJavaProjectConfigurator - Adding source folder /springboot-project-1/src/test/java
2017-08-27 12:10:06,949 [Worker-21] INFO  o.e.m.j.i.AbstractJavaProjectConfigurator - Adding resource folder /springboot-project-1/src/test/resources
2017-08-27 12:10:13,308 [Worker-21] WARN  o.e.m.c.i.embedder.EclipseLogger - Using platform encoding (Cp1252 actually) to copy filtered resources, i.e. build is platform dependent!
2017-08-27 12:10:13,319 [Worker-21] INFO  o.e.m.c.i.embedder.EclipseLogger - Copying 0 resource
2017-08-27 12:10:13,321 [Worker-21] WARN  o.e.m.c.i.embedder.EclipseLogger - Using platform encoding (Cp1252 actually) to copy filtered resources, i.e. build is platform dependent!
2017-08-27 12:10:13,326 [Worker-21] INFO  o.e.m.c.i.embedder.EclipseLogger - Copying 0 resource
2017-08-27 12:20:01,733 [Worker-30] INFO  o.e.m.c.i.l.LifecycleMappingFactory - Using org.eclipse.m2e.jdt.JarLifecycleMapping lifecycle mapping for MavenProject: com.shawinc.springboot:springboot-project-1:0.0.1-SNAPSHOT @ C:\workspaces\springBootTest\springboot-project-1\pom.xml.
2017-08-27 12:20:02,318 [Worker-30] INFO  o.e.m.c.i.embedder.EclipseLogger - Using 'UTF-8' encoding to copy filtered resources.
2017-08-27 12:20:02,320 [Worker-30] INFO  o.e.m.c.i.embedder.EclipseLogger - Copying 0 resource
2017-08-27 12:20:02,320 [Worker-30] INFO  o.e.m.c.i.embedder.EclipseLogger - Copying 0 resource
2017-08-27 12:20:02,322 [Worker-30] INFO  o.e.m.c.i.embedder.EclipseLogger - Using 'UTF-8' encoding to copy filtered resources.
2017-08-27 12:20:02,323 [Worker-30] INFO  o.e.m.c.i.embedder.EclipseLogger - Copying 0 resource
2017-08-27 12:20:32,738 [Worker-31] INFO  o.e.m.c.i.p.ProjectConfigurationManager - Update started
2017-08-27 12:20:33,642 [Worker-31] INFO  o.e.m.c.i.l.LifecycleMappingFactory - Using org.eclipse.m2e.jdt.JarLifecycleMapping lifecycle mapping for MavenProject: com.shawinc.springboot:springboot-project-1:0.0.1-SNAPSHOT @ C:\workspaces\springBootTest\springboot-project-1\pom.xml.
2017-08-27 12:20:33,800 [Worker-31] INFO  o.e.m.j.i.AbstractJavaProjectConfigurator - Adding source folder /springboot-project-1/src/main/java
2017-08-27 12:20:33,800 [Worker-31] INFO  o.e.m.j.i.AbstractJavaProjectConfigurator - Adding resource folder /springboot-project-1/src/main/resources
2017-08-27 12:20:33,807 [Worker-31] INFO  o.e.m.j.i.AbstractJavaProjectConfigurator - Adding resource folder /springboot-project-1/src/main/resources
2017-08-27 12:20:33,820 [Worker-31] INFO  o.e.m.j.i.AbstractJavaProjectConfigurator - Adding source folder /springboot-project-1/src/test/java
2017-08-27 12:20:33,821 [Worker-31] INFO  o.e.m.j.i.AbstractJavaProjectConfigurator - Adding resource folder /springboot-project-1/src/test/resources
2017-08-27 12:20:33,969 [Worker-31] INFO  o.e.m.c.i.p.ProjectConfigurationManager - Update completed: 1 sec
2017-08-27 12:20:34,573 [Worker-27] INFO  o.e.m.c.i.embedder.EclipseLogger - Using 'UTF-8' encoding to copy filtered resources.
2017-08-27 12:20:34,575 [Worker-27] INFO  o.e.m.c.i.embedder.EclipseLogger - Copying 0 resource
2017-08-27 12:20:34,576 [Worker-27] INFO  o.e.m.c.i.embedder.EclipseLogger - Copying 0 resource
2017-08-27 12:20:34,592 [Worker-27] INFO  o.e.m.c.i.embedder.EclipseLogger - Using 'UTF-8' encoding to copy filtered resources.
2017-08-27 12:20:34,592 [Worker-27] INFO  o.e.m.c.i.embedder.EclipseLogger - Copying 0 resource
2017-08-27 12:23:37,762 [Worker-36] INFO  o.e.m.c.i.l.LifecycleMappingFactory - Using org.eclipse.m2e.jdt.JarLifecycleMapping lifecycle mapping for MavenProject: com.shawinc.springboot:springboot-project-1:0.0.1-SNAPSHOT @ C:\workspaces\springBootTest\springboot-project-1\pom.xml.
2017-08-27 12:23:42,580 [Worker-36] INFO  o.e.m.c.i.embedder.EclipseLogger - Using 'UTF-8' encoding to copy filtered resources.
2017-08-27 12:23:42,582 [Worker-36] INFO  o.e.m.c.i.embedder.EclipseLogger - Copying 0 resource
2017-08-27 12:23:42,582 [Worker-36] INFO  o.e.m.c.i.embedder.EclipseLogger - Copying 0 resource
2017-08-27 12:23:42,584 [Worker-36] INFO  o.e.m.c.i.embedder.EclipseLogger - Using 'UTF-8' encoding to copy filtered resources.
2017-08-27 12:23:42,584 [Worker-36] INFO  o.e.m.c.i.embedder.EclipseLogger - Copying 0 resource
2017-08-27 12:23:44,078 [Worker-36] INFO  o.e.m.c.i.embedder.EclipseLogger - Using 'UTF-8' encoding to copy filtered resources.
2017-08-27 12:23:44,120 [Worker-36] INFO  o.e.m.c.i.embedder.EclipseLogger - Copying 0 resource
2017-08-27 12:23:44,123 [Worker-36] INFO  o.e.m.c.i.embedder.EclipseLogger - Copying 0 resource
2017-08-27 12:23:44,129 [Worker-36] INFO  o.e.m.c.i.embedder.EclipseLogger - Using 'UTF-8' encoding to copy filtered resources.
2017-08-27 12:23:44,130 [Worker-36] INFO  o.e.m.c.i.embedder.EclipseLogger - Copying 0 resource
2017-08-27 12:28:18,091 [Worker-40] INFO  o.e.m.c.i.p.ProjectConfigurationManager - Update started
2017-08-27 12:28:19,736 [Worker-40] INFO  o.e.m.c.i.l.LifecycleMappingFactory - Using org.eclipse.m2e.jdt.JarLifecycleMapping lifecycle mapping for MavenProject: com.shawinc.springboot:springboot-project-1:0.0.1-SNAPSHOT @ C:\workspaces\springBootTest\springboot-project-1\pom.xml.
2017-08-27 12:28:20,338 [Worker-40] INFO  o.e.m.j.i.AbstractJavaProjectConfigurator - Adding source folder /springboot-project-1/src/main/java
2017-08-27 12:28:20,339 [Worker-40] INFO  o.e.m.j.i.AbstractJavaProjectConfigurator - Adding resource folder /springboot-project-1/src/main/resources
2017-08-27 12:28:20,339 [Worker-40] INFO  o.e.m.j.i.AbstractJavaProjectConfigurator - Adding resource folder /springboot-project-1/src/main/resources
2017-08-27 12:28:20,339 [Worker-40] INFO  o.e.m.j.i.AbstractJavaProjectConfigurator - Adding source folder /springboot-project-1/src/test/java
2017-08-27 12:28:20,340 [Worker-40] INFO  o.e.m.j.i.AbstractJavaProjectConfigurator - Adding resource folder /springboot-project-1/src/test/resources
2017-08-27 12:28:21,014 [Worker-40] INFO  o.e.m.c.i.p.ProjectConfigurationManager - Update completed: 2 sec
2017-08-27 12:28:24,653 [Worker-41] INFO  o.e.m.c.i.embedder.EclipseLogger - Using 'UTF-8' encoding to copy filtered resources.
2017-08-27 12:28:24,654 [Worker-41] INFO  o.e.m.c.i.embedder.EclipseLogger - Copying 0 resource
2017-08-27 12:28:24,654 [Worker-41] INFO  o.e.m.c.i.embedder.EclipseLogger - Copying 0 resource
2017-08-27 12:28:24,656 [Worker-41] INFO  o.e.m.c.i.embedder.EclipseLogger - Using 'UTF-8' encoding to copy filtered resources.
2017-08-27 12:28:24,657 [Worker-41] INFO  o.e.m.c.i.embedder.EclipseLogger - Copying 0 resource
2017-08-27 12:30:01,576 [Worker-40] INFO  o.e.m.c.i.l.LifecycleMappingFactory - Using org.eclipse.m2e.jdt.JarLifecycleMapping lifecycle mapping for MavenProject: com.shawinc.springboot:springboot-project-1:0.0.1-SNAPSHOT @ C:\workspaces\springBootTest\springboot-project-1\pom.xml.
2017-08-27 12:30:01,833 [Worker-40] INFO  o.e.m.c.i.embedder.EclipseLogger - Using 'UTF-8' encoding to copy filtered resources.
2017-08-27 12:30:01,834 [Worker-40] INFO  o.e.m.c.i.embedder.EclipseLogger - Copying 0 resource
2017-08-27 12:30:01,834 [Worker-40] INFO  o.e.m.c.i.embedder.EclipseLogger - Copying 0 resource
2017-08-27 12:30:01,837 [Worker-40] INFO  o.e.m.c.i.embedder.EclipseLogger - Using 'UTF-8' encoding to copy filtered resources.
2017-08-27 12:30:01,838 [Worker-40] INFO  o.e.m.c.i.embedder.EclipseLogger - Copying 0 resource
2017-08-27 12:35:11,269 [Worker-46] INFO  o.e.m.c.i.embedder.EclipseLogger - Using 'UTF-8' encoding to copy filtered resources.
2017-08-27 12:35:11,270 [Worker-46] INFO  o.e.m.c.i.embedder.EclipseLogger - Copying 0 resource
2017-08-27 12:35:11,270 [Worker-46] INFO  o.e.m.c.i.embedder.EclipseLogger - Copying 0 resource
2017-08-27 12:35:11,272 [Worker-46] INFO  o.e.m.c.i.embedder.EclipseLogger - Using 'UTF-8' encoding to copy filtered resources.
2017-08-27 12:35:11,273 [Worker-46] INFO  o.e.m.c.i.embedder.EclipseLogger - Copying 0 resource
2017-08-27 12:46:44,771 [Worker-62] INFO  o.e.m.c.i.embedder.EclipseLogger - Using 'UTF-8' encoding to copy filtered resources.
2017-08-27 12:46:44,772 [Worker-62] INFO  o.e.m.c.i.embedder.EclipseLogger - Copying 0 resource
2017-08-27 12:46:44,773 [Worker-62] INFO  o.e.m.c.i.embedder.EclipseLogger - Copying 0 resource
2017-08-27 12:46:44,774 [Worker-62] INFO  o.e.m.c.i.embedder.EclipseLogger - Using 'UTF-8' encoding to copy filtered resources.
2017-08-27 12:46:44,774 [Worker-62] INFO  o.e.m.c.i.embedder.EclipseLogger - Copying 0 resource
2017-08-27 12:49:27,339 [Worker-47] INFO  o.e.m.c.i.embedder.EclipseLogger - Using 'UTF-8' encoding to copy filtered resources.
2017-08-27 12:49:27,340 [Worker-47] INFO  o.e.m.c.i.embedder.EclipseLogger - Copying 0 resource
2017-08-27 12:49:27,341 [Worker-47] INFO  o.e.m.c.i.embedder.EclipseLogger - Copying 0 resource
2017-08-27 12:49:27,343 [Worker-47] INFO  o.e.m.c.i.embedder.EclipseLogger - Using 'UTF-8' encoding to copy filtered resources.
2017-08-27 12:49:27,343 [Worker-47] INFO  o.e.m.c.i.embedder.EclipseLogger - Copying 0 resource
2017-08-27 12:49:39,343 [Worker-67] INFO  o.e.m.c.i.p.ProjectConfigurationManager - Update started
2017-08-27 12:49:39,713 [Worker-67] INFO  o.e.m.c.i.l.LifecycleMappingFactory - Using org.eclipse.m2e.jdt.JarLifecycleMapping lifecycle mapping for MavenProject: com.shawinc.springboot:springboot-project-1:0.0.1-SNAPSHOT @ C:\workspaces\springBootTest\springboot-project-1\pom.xml.
2017-08-27 12:49:39,963 [Worker-67] INFO  o.e.m.j.i.AbstractJavaProjectConfigurator - Adding source folder /springboot-project-1/src/main/java
2017-08-27 12:49:39,964 [Worker-67] INFO  o.e.m.j.i.AbstractJavaProjectConfigurator - Adding resource folder /springboot-project-1/src/main/resources
2017-08-27 12:49:39,964 [Worker-67] INFO  o.e.m.j.i.AbstractJavaProjectConfigurator - Adding resource folder /springboot-project-1/src/main/resources
2017-08-27 12:49:39,964 [Worker-67] INFO  o.e.m.j.i.AbstractJavaProjectConfigurator - Adding source folder /springboot-project-1/src/test/java
2017-08-27 12:49:39,965 [Worker-67] INFO  o.e.m.j.i.AbstractJavaProjectConfigurator - Adding resource folder /springboot-project-1/src/test/resources
2017-08-27 12:49:40,090 [Worker-67] INFO  o.e.m.c.i.p.ProjectConfigurationManager - Update completed: 0 sec
2017-08-27 12:49:40,416 [Worker-68] INFO  o.e.m.c.i.embedder.EclipseLogger - Using 'UTF-8' encoding to copy filtered resources.
2017-08-27 12:49:40,417 [Worker-68] INFO  o.e.m.c.i.embedder.EclipseLogger - Copying 0 resource
2017-08-27 12:49:40,417 [Worker-68] INFO  o.e.m.c.i.embedder.EclipseLogger - Copying 0 resource
2017-08-27 12:49:40,419 [Worker-68] INFO  o.e.m.c.i.embedder.EclipseLogger - Using 'UTF-8' encoding to copy filtered resources.
2017-08-27 12:49:40,420 [Worker-68] INFO  o.e.m.c.i.embedder.EclipseLogger - Copying 0 resource
2017-08-27 13:22:32,784 [Worker-80] INFO  o.e.m.c.i.embedder.EclipseLogger - Using 'UTF-8' encoding to copy filtered resources.
2017-08-27 13:22:32,786 [Worker-80] INFO  o.e.m.c.i.embedder.EclipseLogger - Copying 1 resource
2017-08-27 13:22:32,795 [Worker-80] INFO  o.e.m.c.i.embedder.EclipseLogger - Copying 0 resource
2017-08-27 13:22:32,796 [Worker-80] INFO  o.e.m.c.i.embedder.EclipseLogger - Using 'UTF-8' encoding to copy filtered resources.
2017-08-27 13:22:32,797 [Worker-80] INFO  o.e.m.c.i.embedder.EclipseLogger - Copying 0 resource
2017-08-27 13:22:58,371 [Worker-84] INFO  o.e.m.c.i.embedder.EclipseLogger - Using 'UTF-8' encoding to copy filtered resources.
2017-08-27 13:22:58,372 [Worker-84] INFO  o.e.m.c.i.embedder.EclipseLogger - Copying 1 resource
2017-08-27 13:22:58,374 [Worker-84] INFO  o.e.m.c.i.embedder.EclipseLogger - Copying 0 resource
2017-08-27 13:22:58,376 [Worker-84] INFO  o.e.m.c.i.embedder.EclipseLogger - Using 'UTF-8' encoding to copy filtered resources.
2017-08-27 13:22:58,376 [Worker-84] INFO  o.e.m.c.i.embedder.EclipseLogger - Copying 0 resource
2017-08-27 16:52:38,578 [Worker-130] INFO  o.e.m.c.i.embedder.EclipseLogger - Using 'UTF-8' encoding to copy filtered resources.
2017-08-27 16:52:38,579 [Worker-130] INFO  o.e.m.c.i.embedder.EclipseLogger - Copying 1 resource
2017-08-27 16:52:38,582 [Worker-130] INFO  o.e.m.c.i.embedder.EclipseLogger - Copying 0 resource
2017-08-27 16:52:38,584 [Worker-130] INFO  o.e.m.c.i.embedder.EclipseLogger - Using 'UTF-8' encoding to copy filtered resources.
2017-08-27 16:52:38,584 [Worker-130] INFO  o.e.m.c.i.embedder.EclipseLogger - Copying 0 resource
2017-08-27 17:09:56,644 [Worker-144] INFO  o.e.m.c.i.embedder.EclipseLogger - Using 'UTF-8' encoding to copy filtered resources.
2017-08-27 17:09:56,645 [Worker-144] INFO  o.e.m.c.i.embedder.EclipseLogger - Copying 1 resource
2017-08-27 17:09:56,651 [Worker-144] INFO  o.e.m.c.i.embedder.EclipseLogger - Copying 0 resource
2017-08-27 17:09:56,655 [Worker-144] INFO  o.e.m.c.i.embedder.EclipseLogger - Using 'UTF-8' encoding to copy filtered resources.
2017-08-27 17:09:56,656 [Worker-144] INFO  o.e.m.c.i.embedder.EclipseLogger - Copying 0 resource
2017-08-27 17:29:42,944 [Worker-153] INFO  o.e.m.c.i.embedder.EclipseLogger - Using 'UTF-8' encoding to copy filtered resources.
2017-08-27 17:29:42,944 [Worker-153] INFO  o.e.m.c.i.embedder.EclipseLogger - Copying 1 resource
2017-08-27 17:29:42,946 [Worker-153] INFO  o.e.m.c.i.embedder.EclipseLogger - Copying 0 resource
2017-08-27 17:29:42,948 [Worker-153] INFO  o.e.m.c.i.embedder.EclipseLogger - Using 'UTF-8' encoding to copy filtered resources.
2017-08-27 17:29:42,948 [Worker-153] INFO  o.e.m.c.i.embedder.EclipseLogger - Copying 0 resource
2017-08-27 17:36:31,541 [Worker-165] INFO  o.e.m.c.i.embedder.EclipseLogger - Using 'UTF-8' encoding to copy filtered resources.
2017-08-27 17:36:31,541 [Worker-165] INFO  o.e.m.c.i.embedder.EclipseLogger - Copying 1 resource
2017-08-27 17:36:31,543 [Worker-165] INFO  o.e.m.c.i.embedder.EclipseLogger - Copying 0 resource
2017-08-27 17:36:31,544 [Worker-165] INFO  o.e.m.c.i.embedder.EclipseLogger - Using 'UTF-8' encoding to copy filtered resources.
2017-08-27 17:36:31,544 [Worker-165] INFO  o.e.m.c.i.embedder.EclipseLogger - Copying 0 resource
2017-08-27 17:56:22,258 [Worker-176] INFO  o.e.m.c.i.embedder.EclipseLogger - Using 'UTF-8' encoding to copy filtered resources.
2017-08-27 17:56:22,259 [Worker-176] INFO  o.e.m.c.i.embedder.EclipseLogger - Copying 1 resource
2017-08-27 17:56:22,261 [Worker-176] INFO  o.e.m.c.i.embedder.EclipseLogger - Copying 0 resource
2017-08-27 17:56:22,262 [Worker-176] INFO  o.e.m.c.i.embedder.EclipseLogger - Using 'UTF-8' encoding to copy filtered resources.
2017-08-27 17:56:22,262 [Worker-176] INFO  o.e.m.c.i.embedder.EclipseLogger - Copying 0 resource
2017-08-27 18:02:56,868 [Worker-178] INFO  o.e.m.c.i.embedder.EclipseLogger - Using 'UTF-8' encoding to copy filtered resources.
2017-08-27 18:02:56,869 [Worker-178] INFO  o.e.m.c.i.embedder.EclipseLogger - Copying 1 resource
2017-08-27 18:02:56,870 [Worker-178] INFO  o.e.m.c.i.embedder.EclipseLogger - Copying 0 resource
2017-08-27 18:02:56,872 [Worker-178] INFO  o.e.m.c.i.embedder.EclipseLogger - Using 'UTF-8' encoding to copy filtered resources.
2017-08-27 18:02:56,872 [Worker-178] INFO  o.e.m.c.i.embedder.EclipseLogger - Copying 0 resource
2017-08-27 18:03:11,583 [Worker-179] INFO  o.e.m.c.i.embedder.EclipseLogger - Using 'UTF-8' encoding to copy filtered resources.
2017-08-27 18:03:11,584 [Worker-179] INFO  o.e.m.c.i.embedder.EclipseLogger - Copying 1 resource
2017-08-27 18:03:11,585 [Worker-179] INFO  o.e.m.c.i.embedder.EclipseLogger - Copying 0 resource
2017-08-27 18:03:11,586 [Worker-179] INFO  o.e.m.c.i.embedder.EclipseLogger - Using 'UTF-8' encoding to copy filtered resources.
2017-08-27 18:03:11,587 [Worker-179] INFO  o.e.m.c.i.embedder.EclipseLogger - Copying 0 resource
2017-08-27 18:03:19,077 [Worker-176] INFO  o.e.m.c.i.embedder.EclipseLogger - Using 'UTF-8' encoding to copy filtered resources.
2017-08-27 18:03:19,079 [Worker-176] INFO  o.e.m.c.i.embedder.EclipseLogger - Copying 1 resource
2017-08-27 18:03:19,081 [Worker-176] INFO  o.e.m.c.i.embedder.EclipseLogger - Copying 0 resource
2017-08-27 18:03:19,085 [Worker-176] INFO  o.e.m.c.i.embedder.EclipseLogger - Using 'UTF-8' encoding to copy filtered resources.
2017-08-27 18:03:19,085 [Worker-176] INFO  o.e.m.c.i.embedder.EclipseLogger - Copying 0 resource
2017-08-27 18:11:39,595 [Worker-176] INFO  o.e.m.c.i.embedder.EclipseLogger - Using 'UTF-8' encoding to copy filtered resources.
2017-08-27 18:11:39,596 [Worker-176] INFO  o.e.m.c.i.embedder.EclipseLogger - Copying 1 resource
2017-08-27 18:11:39,598 [Worker-176] INFO  o.e.m.c.i.embedder.EclipseLogger - Copying 0 resource
2017-08-27 18:11:39,600 [Worker-176] INFO  o.e.m.c.i.embedder.EclipseLogger - Using 'UTF-8' encoding to copy filtered resources.
2017-08-27 18:11:39,600 [Worker-176] INFO  o.e.m.c.i.embedder.EclipseLogger - Copying 0 resource
2017-08-27 18:12:20,794 [Worker-183] INFO  o.e.m.c.i.embedder.EclipseLogger - Using 'UTF-8' encoding to copy filtered resources.
2017-08-27 18:12:20,794 [Worker-183] INFO  o.e.m.c.i.embedder.EclipseLogger - Copying 1 resource
2017-08-27 18:12:20,796 [Worker-183] INFO  o.e.m.c.i.embedder.EclipseLogger - Copying 0 resource
2017-08-27 18:12:20,797 [Worker-183] INFO  o.e.m.c.i.embedder.EclipseLogger - Using 'UTF-8' encoding to copy filtered resources.
2017-08-27 18:12:20,798 [Worker-183] INFO  o.e.m.c.i.embedder.EclipseLogger - Copying 0 resource
2017-08-27 18:14:14,490 [Worker-186] INFO  o.e.m.c.i.embedder.EclipseLogger - Using 'UTF-8' encoding to copy filtered resources.
2017-08-27 18:14:14,491 [Worker-186] INFO  o.e.m.c.i.embedder.EclipseLogger - Copying 1 resource
2017-08-27 18:14:14,493 [Worker-186] INFO  o.e.m.c.i.embedder.EclipseLogger - Copying 0 resource
2017-08-27 18:14:14,495 [Worker-186] INFO  o.e.m.c.i.embedder.EclipseLogger - Using 'UTF-8' encoding to copy filtered resources.
2017-08-27 18:14:14,496 [Worker-186] INFO  o.e.m.c.i.embedder.EclipseLogger - Copying 0 resource
2017-08-27 18:16:08,953 [Worker-186] INFO  o.e.m.c.i.embedder.EclipseLogger - Using 'UTF-8' encoding to copy filtered resources.
2017-08-27 18:16:08,954 [Worker-186] INFO  o.e.m.c.i.embedder.EclipseLogger - Copying 1 resource
2017-08-27 18:16:08,955 [Worker-186] INFO  o.e.m.c.i.embedder.EclipseLogger - Copying 0 resource
2017-08-27 18:16:08,956 [Worker-186] INFO  o.e.m.c.i.embedder.EclipseLogger - Using 'UTF-8' encoding to copy filtered resources.
2017-08-27 18:16:08,957 [Worker-186] INFO  o.e.m.c.i.embedder.EclipseLogger - Copying 0 resource
2017-08-28 07:50:18,027 [Worker-4] INFO  c.g.t.t.d.PublishedGradleVersions - Gradle version information cache is not available. Remote download required.
2017-08-28 07:50:28,545 [Worker-3] INFO  o.e.m.c.i.l.LifecycleMappingFactory - Using org.eclipse.m2e.jdt.JarLifecycleMapping lifecycle mapping for MavenProject: com.shawinc.springboot:springboot-project-1:0.0.1-SNAPSHOT @ C:\workspaces\springBootTest\springboot-project-1\pom.xml.
2017-08-28 07:50:33,680 [Worker-3] INFO  o.e.m.c.i.embedder.EclipseLogger - Using 'UTF-8' encoding to copy filtered resources.
2017-08-28 07:50:33,684 [Worker-3] INFO  o.e.m.c.i.embedder.EclipseLogger - Copying 1 resource
2017-08-28 07:50:33,699 [Worker-3] INFO  o.e.m.c.i.embedder.EclipseLogger - Copying 0 resource
2017-08-28 07:50:33,704 [Worker-3] INFO  o.e.m.c.i.embedder.EclipseLogger - Using 'UTF-8' encoding to copy filtered resources.
2017-08-28 07:50:33,705 [Worker-3] INFO  o.e.m.c.i.embedder.EclipseLogger - Copying 0 resource
2017-08-28 07:50:34,965 [Worker-8] INFO  o.e.m.c.i.l.LifecycleMappingFactory - Using org.eclipse.m2e.jdt.JarLifecycleMapping lifecycle mapping for MavenProject: com.shawinc.springboot:springboot-project-1:0.0.1-SNAPSHOT @ C:\workspaces\springBootTest\springboot-project-1\pom.xml.
2017-08-28 07:50:36,618 [Worker-8] INFO  o.e.m.c.i.embedder.EclipseLogger - Using 'UTF-8' encoding to copy filtered resources.
2017-08-28 07:50:36,619 [Worker-8] INFO  o.e.m.c.i.embedder.EclipseLogger - Copying 0 resource
2017-08-28 07:50:36,620 [Worker-8] INFO  o.e.m.c.i.embedder.EclipseLogger - Copying 0 resource
2017-08-28 07:50:36,621 [Worker-8] INFO  o.e.m.c.i.embedder.EclipseLogger - Using 'UTF-8' encoding to copy filtered resources.
2017-08-28 07:50:36,621 [Worker-8] INFO  o.e.m.c.i.embedder.EclipseLogger - Copying 0 resource
2017-08-28 07:53:08,402 [Worker-17] INFO  o.e.m.c.i.e.AbstractTransferListenerAdapter - Downloading http://nexus.shawinc.com/repository/public/org/assertj/assertj-core/2.5.0/assertj-core-2.5.0.pom
2017-08-28 07:53:08,505 [Worker-17] INFO  o.e.m.c.i.e.AbstractTransferListenerAdapter - Downloaded http://nexus.shawinc.com/repository/public/org/assertj/assertj-core/2.5.0/assertj-core-2.5.0.pom
2017-08-28 07:53:08,632 [Worker-17] INFO  o.e.m.c.i.e.AbstractTransferListenerAdapter - Downloading http://nexus.shawinc.com/repository/public/org/springframework/spring-test/4.3.2.RELEASE/spring-test-4.3.2.RELEASE.pom
2017-08-28 07:53:08,690 [Worker-17] INFO  o.e.m.c.i.e.AbstractTransferListenerAdapter - Downloaded http://nexus.shawinc.com/repository/public/org/springframework/spring-test/4.3.2.RELEASE/spring-test-4.3.2.RELEASE.pom
2017-08-28 07:54:22,648 [Worker-9] INFO  o.e.m.c.i.l.LifecycleMappingFactory - Using org.eclipse.m2e.jdt.JarLifecycleMapping lifecycle mapping for MavenProject: com.shawinc.springboot:springboot-project-1:0.0.1-SNAPSHOT @ C:\workspaces\springBootTest\springboot-project-1\pom.xml.
2017-08-28 07:54:23,047 [Worker-9] INFO  o.e.m.c.i.embedder.EclipseLogger - Using 'UTF-8' encoding to copy filtered resources.
2017-08-28 07:54:23,048 [Worker-9] INFO  o.e.m.c.i.embedder.EclipseLogger - Copying 0 resource
2017-08-28 07:54:23,048 [Worker-9] INFO  o.e.m.c.i.embedder.EclipseLogger - Copying 0 resource
2017-08-28 07:54:23,050 [Worker-9] INFO  o.e.m.c.i.embedder.EclipseLogger - Using 'UTF-8' encoding to copy filtered resources.
2017-08-28 07:54:23,051 [Worker-9] INFO  o.e.m.c.i.embedder.EclipseLogger - Copying 0 resource
2017-08-28 09:51:34,419 [Worker-27] INFO  o.e.m.c.i.embedder.EclipseLogger - Using 'UTF-8' encoding to copy filtered resources.
2017-08-28 09:51:34,477 [Worker-27] INFO  o.e.m.c.i.embedder.EclipseLogger - Copying 1 resource
2017-08-28 09:51:34,503 [Worker-27] INFO  o.e.m.c.i.embedder.EclipseLogger - Copying 0 resource
2017-08-28 09:51:34,506 [Worker-27] INFO  o.e.m.c.i.embedder.EclipseLogger - Using 'UTF-8' encoding to copy filtered resources.
2017-08-28 09:51:34,507 [Worker-27] INFO  o.e.m.c.i.embedder.EclipseLogger - Copying 0 resource
2017-08-28 10:07:06,775 [Worker-27] INFO  o.e.m.c.i.embedder.EclipseLogger - Using 'UTF-8' encoding to copy filtered resources.
2017-08-28 10:07:06,776 [Worker-27] INFO  o.e.m.c.i.embedder.EclipseLogger - Copying 1 resource
2017-08-28 10:07:06,777 [Worker-27] INFO  o.e.m.c.i.embedder.EclipseLogger - Copying 0 resource
2017-08-28 10:07:06,779 [Worker-27] INFO  o.e.m.c.i.embedder.EclipseLogger - Using 'UTF-8' encoding to copy filtered resources.
2017-08-28 10:07:06,779 [Worker-27] INFO  o.e.m.c.i.embedder.EclipseLogger - Copying 0 resource
2017-08-28 10:29:32,141 [Worker-42] INFO  o.e.m.c.i.embedder.EclipseLogger - Using 'UTF-8' encoding to copy filtered resources.
2017-08-28 10:29:32,142 [Worker-42] INFO  o.e.m.c.i.embedder.EclipseLogger - Copying 1 resource
2017-08-28 10:29:32,143 [Worker-42] INFO  o.e.m.c.i.embedder.EclipseLogger - Copying 0 resource
2017-08-28 10:29:32,144 [Worker-42] INFO  o.e.m.c.i.embedder.EclipseLogger - Using 'UTF-8' encoding to copy filtered resources.
2017-08-28 10:29:32,145 [Worker-42] INFO  o.e.m.c.i.embedder.EclipseLogger - Copying 0 resource
2017-08-28 10:30:15,606 [main] INFO  o.e.m.c.i.l.LifecycleMappingFactory - Using org.eclipse.m2e.jdt.JarLifecycleMapping lifecycle mapping for MavenProject: com.shawinc.springboot:springboot-project-1:0.0.1-SNAPSHOT @ C:\workspaces\springBootTest\springboot-project-1\pom.xml.
2017-08-28 12:20:35,552 [Worker-4] INFO  c.g.t.t.d.PublishedGradleVersions - Gradle version information cache is up-to-date. Trying to read.
2017-08-28 16:25:15,666 [Worker-0] INFO  c.g.t.t.d.PublishedGradleVersions - Gradle version information cache is up-to-date. Trying to read.
2017-08-28 16:28:50,494 [Worker-13] INFO  o.e.m.c.i.l.LifecycleMappingFactory - Using org.eclipse.m2e.jdt.JarLifecycleMapping lifecycle mapping for MavenProject: com.shawinc.springboot:springboot-project-1:0.0.1-SNAPSHOT @ C:\workspaces\springBootTest\springboot-project-1\pom.xml.
2017-08-28 16:28:52,502 [Worker-13] INFO  o.e.m.c.i.embedder.EclipseLogger - Using 'UTF-8' encoding to copy filtered resources.
2017-08-28 16:28:52,505 [Worker-13] INFO  o.e.m.c.i.embedder.EclipseLogger - Copying 1 resource
2017-08-28 16:28:52,516 [Worker-13] INFO  o.e.m.c.i.embedder.EclipseLogger - Copying 0 resource
2017-08-28 16:28:52,518 [Worker-13] INFO  o.e.m.c.i.embedder.EclipseLogger - Using 'UTF-8' encoding to copy filtered resources.
2017-08-28 16:28:52,518 [Worker-13] INFO  o.e.m.c.i.embedder.EclipseLogger - Copying 0 resource
2017-08-28 16:29:08,109 [Worker-20] INFO  o.e.m.c.i.p.ProjectConfigurationManager - Update started
2017-08-28 16:29:08,806 [Worker-20] INFO  o.e.m.c.i.l.LifecycleMappingFactory - Using org.eclipse.m2e.jdt.JarLifecycleMapping lifecycle mapping for MavenProject: com.shawinc.springboot:springboot-project-1:0.0.1-SNAPSHOT @ C:\workspaces\springBootTest\springboot-project-1\pom.xml.
2017-08-28 16:29:09,172 [Worker-20] INFO  o.e.m.j.i.AbstractJavaProjectConfigurator - Adding source folder /springboot-project-1/src/main/java
2017-08-28 16:29:09,172 [Worker-20] INFO  o.e.m.j.i.AbstractJavaProjectConfigurator - Adding resource folder /springboot-project-1/src/main/resources
2017-08-28 16:29:09,172 [Worker-20] INFO  o.e.m.j.i.AbstractJavaProjectConfigurator - Adding resource folder /springboot-project-1/src/main/resources
2017-08-28 16:29:09,173 [Worker-20] INFO  o.e.m.j.i.AbstractJavaProjectConfigurator - Adding source folder /springboot-project-1/src/test/java
2017-08-28 16:29:09,173 [Worker-20] INFO  o.e.m.j.i.AbstractJavaProjectConfigurator - Adding resource folder /springboot-project-1/src/test/resources
2017-08-28 16:29:09,461 [Worker-20] INFO  o.e.m.c.i.p.ProjectConfigurationManager - Update completed: 1 sec
2017-08-28 16:29:10,144 [Worker-20] INFO  o.e.m.c.i.embedder.EclipseLogger - Using 'UTF-8' encoding to copy filtered resources.
2017-08-28 16:29:10,145 [Worker-20] INFO  o.e.m.c.i.embedder.EclipseLogger - Copying 1 resource
2017-08-28 16:29:10,155 [Worker-20] INFO  o.e.m.c.i.embedder.EclipseLogger - Copying 0 resource
2017-08-28 16:29:10,156 [Worker-20] INFO  o.e.m.c.i.embedder.EclipseLogger - Using 'UTF-8' encoding to copy filtered resources.
2017-08-28 16:29:10,157 [Worker-20] INFO  o.e.m.c.i.embedder.EclipseLogger - Copying 0 resource
2017-08-28 16:29:34,852 [main] INFO  o.e.m2e.actions.ExecutePomAction - Creating new launch configuration
2017-08-28 16:29:59,726 [Worker-20] INFO  o.e.m.i.launch.MavenLaunchDelegate - C:\workspaces\springBootTest\springboot-project-1
2017-08-28 16:29:59,727 [Worker-20] INFO  o.e.m.i.launch.MavenLaunchDelegate -  mvn -B clean verify
2017-08-28 17:00:01,962 [Worker-21] INFO  o.e.m.c.i.l.LifecycleMappingFactory - Using org.eclipse.m2e.jdt.JarLifecycleMapping lifecycle mapping for MavenProject: com.shawinc.springboot:springboot-project-1:0.0.1-SNAPSHOT @ C:\workspaces\springBootTest\springboot-project-1\pom.xml.
2017-08-28 17:00:03,335 [Worker-21] INFO  o.e.m.c.i.embedder.EclipseLogger - Using 'UTF-8' encoding to copy filtered resources.
2017-08-28 17:00:03,337 [Worker-21] INFO  o.e.m.c.i.embedder.EclipseLogger - Copying 0 resource
2017-08-28 17:00:03,337 [Worker-21] INFO  o.e.m.c.i.embedder.EclipseLogger - Copying 0 resource
2017-08-28 17:00:03,340 [Worker-21] INFO  o.e.m.c.i.embedder.EclipseLogger - Using 'UTF-8' encoding to copy filtered resources.
2017-08-28 17:00:03,341 [Worker-21] INFO  o.e.m.c.i.embedder.EclipseLogger - Copying 0 resource
2017-08-28 17:00:13,984 [main] INFO  o.e.m2e.actions.ExecutePomAction - Using existing launch configuration
2017-08-28 17:00:14,065 [Worker-25] INFO  o.e.m.i.launch.MavenLaunchDelegate - C:\workspaces\springBootTest\springboot-project-1
2017-08-28 17:00:14,065 [Worker-25] INFO  o.e.m.i.launch.MavenLaunchDelegate -  mvn -B clean verify
2017-08-28 17:00:34,998 [Worker-24] INFO  o.e.m.c.i.embedder.EclipseLogger - Using 'UTF-8' encoding to copy filtered resources.
2017-08-28 17:00:34,998 [Worker-24] INFO  o.e.m.c.i.embedder.EclipseLogger - Copying 0 resource
2017-08-28 17:00:34,999 [Worker-24] INFO  o.e.m.c.i.embedder.EclipseLogger - Copying 0 resource
2017-08-28 17:00:35,000 [Worker-24] INFO  o.e.m.c.i.embedder.EclipseLogger - Using 'UTF-8' encoding to copy filtered resources.
2017-08-28 17:00:35,001 [Worker-24] INFO  o.e.m.c.i.embedder.EclipseLogger - Copying 0 resource
2017-08-28 17:01:25,380 [Worker-25] INFO  o.e.m.c.i.embedder.EclipseLogger - Using 'UTF-8' encoding to copy filtered resources.
2017-08-28 17:01:25,381 [Worker-25] INFO  o.e.m.c.i.embedder.EclipseLogger - Copying 0 resource
2017-08-28 17:01:25,382 [Worker-25] INFO  o.e.m.c.i.embedder.EclipseLogger - Copying 0 resource
2017-08-28 17:01:25,384 [Worker-25] INFO  o.e.m.c.i.embedder.EclipseLogger - Using 'UTF-8' encoding to copy filtered resources.
2017-08-28 17:01:25,385 [Worker-25] INFO  o.e.m.c.i.embedder.EclipseLogger - Copying 0 resource
2017-08-29 15:05:39,283 [Worker-3] INFO  c.g.t.t.d.PublishedGradleVersions - Gradle version information cache is out-of-date. Trying to update.
2017-12-26 18:41:59,254 [Worker-2] INFO  c.g.t.t.d.PublishedGradleVersions - Gradle version information cache is up-to-date. Trying to read.
2017-12-26 18:42:11,435 [Worker-16] INFO  o.e.m.c.i.embedder.EclipseLogger - Using 'UTF-8' encoding to copy filtered resources.
2017-12-26 18:42:11,439 [Worker-16] INFO  o.e.m.c.i.embedder.EclipseLogger - Copying 1 resource
2017-12-26 18:42:11,450 [Worker-16] INFO  o.e.m.c.i.embedder.EclipseLogger - Copying 0 resource
2017-12-26 18:42:11,453 [Worker-16] INFO  o.e.m.c.i.embedder.EclipseLogger - Using 'UTF-8' encoding to copy filtered resources.
2017-12-26 18:42:11,462 [Worker-16] INFO  o.e.m.c.i.embedder.EclipseLogger - Copying 0 resource
2017-12-26 18:47:16,778 [Worker-19] INFO  o.e.m.c.i.embedder.EclipseLogger - Using 'UTF-8' encoding to copy filtered resources.
2017-12-26 18:47:16,790 [Worker-19] INFO  o.e.m.c.i.embedder.EclipseLogger - Copying 0 resource
2017-12-26 18:47:16,791 [Worker-19] INFO  o.e.m.c.i.embedder.EclipseLogger - Copying 0 resource
2017-12-26 18:47:16,792 [Worker-19] INFO  o.e.m.c.i.embedder.EclipseLogger - Using 'UTF-8' encoding to copy filtered resources.
2017-12-26 18:47:16,793 [Worker-19] INFO  o.e.m.c.i.embedder.EclipseLogger - Copying 0 resource
2017-12-26 18:47:22,828 [Worker-21] INFO  o.e.m.c.i.embedder.EclipseLogger - Using 'UTF-8' encoding to copy filtered resources.
2017-12-26 18:47:22,828 [Worker-21] INFO  o.e.m.c.i.embedder.EclipseLogger - Copying 0 resource
2017-12-26 18:47:22,828 [Worker-21] INFO  o.e.m.c.i.embedder.EclipseLogger - Copying 0 resource
2017-12-26 18:47:22,829 [Worker-21] INFO  o.e.m.c.i.embedder.EclipseLogger - Using 'UTF-8' encoding to copy filtered resources.
2017-12-26 18:47:22,830 [Worker-21] INFO  o.e.m.c.i.embedder.EclipseLogger - Copying 0 resource
2017-12-26 18:59:29,358 [Worker-9] INFO  o.e.m.c.i.embedder.EclipseLogger - Using 'UTF-8' encoding to copy filtered resources.
2017-12-26 18:59:29,359 [Worker-9] INFO  o.e.m.c.i.embedder.EclipseLogger - Copying 0 resource
2017-12-26 18:59:29,360 [Worker-9] INFO  o.e.m.c.i.embedder.EclipseLogger - Copying 3 resources
2017-12-26 18:59:29,385 [Worker-9] INFO  o.e.m.c.i.embedder.EclipseLogger - Using 'UTF-8' encoding to copy filtered resources.
2017-12-26 18:59:29,385 [Worker-9] INFO  o.e.m.c.i.embedder.EclipseLogger - Copying 0 resource
2017-12-26 19:00:57,317 [main] INFO  o.e.m2e.actions.ExecutePomAction - Using existing launch configuration
2017-12-26 19:00:57,602 [Worker-19] INFO  o.e.m.i.launch.MavenLaunchDelegate - C:\workspaces\springBootTest\springboot-project-1
2017-12-26 19:00:57,603 [Worker-19] INFO  o.e.m.i.launch.MavenLaunchDelegate -  mvn -B clean verify
2017-12-26 19:01:28,214 [Worker-19] INFO  o.e.m.i.launch.MavenLaunchDelegate - C:\workspaces\springBootTest\springboot-project-1
2017-12-26 19:01:28,214 [Worker-19] INFO  o.e.m.i.launch.MavenLaunchDelegate -  mvn -B clean
2017-12-26 19:01:30,419 [Worker-19] INFO  o.e.m.c.i.embedder.EclipseLogger - Using 'UTF-8' encoding to copy filtered resources.
2017-12-26 19:01:30,449 [Worker-19] INFO  o.e.m.c.i.embedder.EclipseLogger - Copying 1 resource
2017-12-26 19:01:30,451 [Worker-19] INFO  o.e.m.c.i.embedder.EclipseLogger - Copying 3 resources
2017-12-26 19:01:30,474 [Worker-19] INFO  o.e.m.c.i.embedder.EclipseLogger - Using 'UTF-8' encoding to copy filtered resources.
2017-12-26 19:01:30,474 [Worker-19] INFO  o.e.m.c.i.embedder.EclipseLogger - Copying 0 resource
2017-12-26 19:02:46,036 [Worker-24] INFO  o.e.m.i.launch.MavenLaunchDelegate - C:\workspaces\springBootTest\springboot-project-1
2017-12-26 19:02:46,036 [Worker-24] INFO  o.e.m.i.launch.MavenLaunchDelegate -  mvn -B install
2017-12-26 19:02:52,578 [Worker-26] INFO  o.e.m.c.i.embedder.EclipseLogger - Using 'UTF-8' encoding to copy filtered resources.
2017-12-26 19:02:52,579 [Worker-26] INFO  o.e.m.c.i.embedder.EclipseLogger - Copying 1 resource
2017-12-26 19:02:52,581 [Worker-26] INFO  o.e.m.c.i.embedder.EclipseLogger - Copying 3 resources
2017-12-26 19:02:52,584 [Worker-26] INFO  o.e.m.c.i.embedder.EclipseLogger - Using 'UTF-8' encoding to copy filtered resources.
2017-12-26 19:02:52,584 [Worker-26] INFO  o.e.m.c.i.embedder.EclipseLogger - Copying 0 resource
2017-12-26 19:10:28,817 [Worker-26] INFO  o.e.m.c.i.embedder.EclipseLogger - Using 'UTF-8' encoding to copy filtered resources.
2017-12-26 19:10:29,175 [Worker-26] INFO  o.e.m.c.i.embedder.EclipseLogger - Copying 0 resource
2017-12-26 19:10:29,177 [Worker-26] INFO  o.e.m.c.i.embedder.EclipseLogger - Copying 1 resource
2017-12-26 19:10:29,210 [Worker-26] INFO  o.e.m.c.i.embedder.EclipseLogger - Using 'UTF-8' encoding to copy filtered resources.
2017-12-26 19:10:29,212 [Worker-26] INFO  o.e.m.c.i.embedder.EclipseLogger - Copying 0 resource
2017-12-26 19:11:05,507 [Worker-28] INFO  o.e.m.i.launch.MavenLaunchDelegate - C:\workspaces\springBootTest\springboot-project-1
2017-12-26 19:11:05,507 [Worker-28] INFO  o.e.m.i.launch.MavenLaunchDelegate -  mvn -B clean
2017-12-26 19:11:07,636 [Worker-30] INFO  o.e.m.c.i.embedder.EclipseLogger - Using 'UTF-8' encoding to copy filtered resources.
2017-12-26 19:11:07,637 [Worker-30] INFO  o.e.m.c.i.embedder.EclipseLogger - Copying 1 resource
2017-12-26 19:11:07,640 [Worker-30] INFO  o.e.m.c.i.embedder.EclipseLogger - Copying 4 resources
2017-12-26 19:11:07,678 [Worker-30] INFO  o.e.m.c.i.embedder.EclipseLogger - Using 'UTF-8' encoding to copy filtered resources.
2017-12-26 19:11:07,679 [Worker-30] INFO  o.e.m.c.i.embedder.EclipseLogger - Copying 0 resource
2017-12-26 19:11:21,456 [Worker-30] INFO  o.e.m.i.launch.MavenLaunchDelegate - C:\workspaces\springBootTest\springboot-project-1
2017-12-26 19:11:21,456 [Worker-30] INFO  o.e.m.i.launch.MavenLaunchDelegate -  mvn -B install
2017-12-26 19:11:27,978 [Worker-30] INFO  o.e.m.c.i.embedder.EclipseLogger - Using 'UTF-8' encoding to copy filtered resources.
2017-12-26 19:11:27,979 [Worker-30] INFO  o.e.m.c.i.embedder.EclipseLogger - Copying 1 resource
2017-12-26 19:11:27,981 [Worker-30] INFO  o.e.m.c.i.embedder.EclipseLogger - Copying 4 resources
2017-12-26 19:11:27,982 [Worker-30] INFO  o.e.m.c.i.embedder.EclipseLogger - Using 'UTF-8' encoding to copy filtered resources.
2017-12-26 19:11:27,983 [Worker-30] INFO  o.e.m.c.i.embedder.EclipseLogger - Copying 0 resource
2017-12-26 19:14:01,274 [Worker-5] INFO  c.g.t.t.d.PublishedGradleVersions - Gradle version information cache is up-to-date. Trying to read.
2017-12-26 19:14:06,044 [Worker-4] INFO  o.e.m.c.i.embedder.EclipseLogger - Using 'UTF-8' encoding to copy filtered resources.
2017-12-26 19:14:06,048 [Worker-4] INFO  o.e.m.c.i.embedder.EclipseLogger - Copying 1 resource
2017-12-26 19:14:06,060 [Worker-4] INFO  o.e.m.c.i.embedder.EclipseLogger - Copying 4 resources
2017-12-26 19:14:06,063 [Worker-4] INFO  o.e.m.c.i.embedder.EclipseLogger - Using 'UTF-8' encoding to copy filtered resources.
2017-12-26 19:14:06,064 [Worker-4] INFO  o.e.m.c.i.embedder.EclipseLogger - Copying 0 resource
2017-12-26 19:14:54,902 [Worker-18] INFO  o.e.m.i.launch.MavenLaunchDelegate - C:\workspaces\springBootTest\springboot-project-1
2017-12-26 19:14:54,903 [Worker-18] INFO  o.e.m.i.launch.MavenLaunchDelegate -  mvn -B clean
2017-12-26 19:14:57,286 [Worker-8] INFO  o.e.m.c.i.embedder.EclipseLogger - Using 'UTF-8' encoding to copy filtered resources.
2017-12-26 19:14:57,290 [Worker-8] INFO  o.e.m.c.i.embedder.EclipseLogger - Copying 1 resource
2017-12-26 19:14:57,293 [Worker-8] INFO  o.e.m.c.i.embedder.EclipseLogger - Copying 4 resources
2017-12-26 19:14:57,341 [Worker-8] INFO  o.e.m.c.i.embedder.EclipseLogger - Using 'UTF-8' encoding to copy filtered resources.
2017-12-26 19:14:57,342 [Worker-8] INFO  o.e.m.c.i.embedder.EclipseLogger - Copying 0 resource
2017-12-26 19:15:07,305 [Worker-15] INFO  o.e.m.i.launch.MavenLaunchDelegate - C:\workspaces\springBootTest\springboot-project-1
2017-12-26 19:15:07,305 [Worker-15] INFO  o.e.m.i.launch.MavenLaunchDelegate -  mvn -B install
2017-12-26 19:15:14,392 [Worker-12] INFO  o.e.m.c.i.embedder.EclipseLogger - Using 'UTF-8' encoding to copy filtered resources.
2017-12-26 19:15:14,394 [Worker-12] INFO  o.e.m.c.i.embedder.EclipseLogger - Copying 1 resource
2017-12-26 19:15:14,399 [Worker-12] INFO  o.e.m.c.i.embedder.EclipseLogger - Copying 4 resources
2017-12-26 19:15:14,401 [Worker-12] INFO  o.e.m.c.i.embedder.EclipseLogger - Using 'UTF-8' encoding to copy filtered resources.
2017-12-26 19:15:14,402 [Worker-12] INFO  o.e.m.c.i.embedder.EclipseLogger - Copying 0 resource
2017-12-26 19:18:05,875 [Worker-12] INFO  o.e.m.c.i.embedder.EclipseLogger - Using 'UTF-8' encoding to copy filtered resources.
2017-12-26 19:18:05,878 [Worker-12] INFO  o.e.m.c.i.embedder.EclipseLogger - Copying 0 resource
2017-12-26 19:18:05,879 [Worker-12] INFO  o.e.m.c.i.embedder.EclipseLogger - Copying 1 resource
2017-12-26 19:18:05,951 [Worker-12] INFO  o.e.m.c.i.embedder.EclipseLogger - Using 'UTF-8' encoding to copy filtered resources.
2017-12-26 19:18:05,952 [Worker-12] INFO  o.e.m.c.i.embedder.EclipseLogger - Copying 0 resource
2017-12-26 19:18:15,330 [Worker-15] INFO  o.e.m.i.launch.MavenLaunchDelegate - C:\workspaces\springBootTest\springboot-project-1
2017-12-26 19:18:15,330 [Worker-15] INFO  o.e.m.i.launch.MavenLaunchDelegate -  mvn -B clean
2017-12-26 19:18:18,051 [Worker-14] INFO  o.e.m.c.i.embedder.EclipseLogger - Using 'UTF-8' encoding to copy filtered resources.
2017-12-26 19:18:18,053 [Worker-14] INFO  o.e.m.c.i.embedder.EclipseLogger - Copying 1 resource
2017-12-26 19:18:18,058 [Worker-14] INFO  o.e.m.c.i.embedder.EclipseLogger - Copying 4 resources
2017-12-26 19:18:18,107 [Worker-14] INFO  o.e.m.c.i.embedder.EclipseLogger - Using 'UTF-8' encoding to copy filtered resources.
2017-12-26 19:18:18,108 [Worker-14] INFO  o.e.m.c.i.embedder.EclipseLogger - Copying 0 resource
2017-12-26 19:18:27,381 [Worker-18] INFO  o.e.m.i.launch.MavenLaunchDelegate - C:\workspaces\springBootTest\springboot-project-1
2017-12-26 19:18:27,381 [Worker-18] INFO  o.e.m.i.launch.MavenLaunchDelegate -  mvn -B install
2017-12-26 19:18:34,552 [Worker-17] INFO  o.e.m.c.i.embedder.EclipseLogger - Using 'UTF-8' encoding to copy filtered resources.
2017-12-26 19:18:34,553 [Worker-17] INFO  o.e.m.c.i.embedder.EclipseLogger - Copying 1 resource
2017-12-26 19:18:34,557 [Worker-17] INFO  o.e.m.c.i.embedder.EclipseLogger - Copying 4 resources
2017-12-26 19:18:34,559 [Worker-17] INFO  o.e.m.c.i.embedder.EclipseLogger - Using 'UTF-8' encoding to copy filtered resources.
2017-12-26 19:18:34,560 [Worker-17] INFO  o.e.m.c.i.embedder.EclipseLogger - Copying 0 resource
2017-12-26 19:24:44,581 [Worker-3] INFO  o.e.m.i.launch.MavenLaunchDelegate - C:\workspaces\springBootTest\springboot-project-1
2017-12-26 19:24:44,581 [Worker-3] INFO  o.e.m.i.launch.MavenLaunchDelegate -  mvn -B clean
2017-12-26 19:24:48,428 [Worker-21] INFO  o.e.m.c.i.embedder.EclipseLogger - Using 'UTF-8' encoding to copy filtered resources.
2017-12-26 19:24:48,429 [Worker-21] INFO  o.e.m.c.i.embedder.EclipseLogger - Copying 1 resource
2017-12-26 19:24:48,433 [Worker-21] INFO  o.e.m.c.i.embedder.EclipseLogger - Copying 1 resource
2017-12-26 19:24:48,450 [Worker-21] INFO  o.e.m.c.i.embedder.EclipseLogger - Using 'UTF-8' encoding to copy filtered resources.
2017-12-26 19:24:48,451 [Worker-21] INFO  o.e.m.c.i.embedder.EclipseLogger - Copying 0 resource
2017-12-26 19:25:03,667 [Worker-22] INFO  o.e.m.i.launch.MavenLaunchDelegate - C:\workspaces\springBootTest\springboot-project-1
2017-12-26 19:25:03,667 [Worker-22] INFO  o.e.m.i.launch.MavenLaunchDelegate -  mvn -B install
2017-12-26 19:25:13,393 [Worker-24] INFO  o.e.m.c.i.embedder.EclipseLogger - Using 'UTF-8' encoding to copy filtered resources.
2017-12-26 19:25:13,394 [Worker-24] INFO  o.e.m.c.i.embedder.EclipseLogger - Copying 1 resource
2017-12-26 19:25:13,397 [Worker-24] INFO  o.e.m.c.i.embedder.EclipseLogger - Copying 1 resource
2017-12-26 19:25:13,402 [Worker-24] INFO  o.e.m.c.i.embedder.EclipseLogger - Using 'UTF-8' encoding to copy filtered resources.
2017-12-26 19:25:13,403 [Worker-24] INFO  o.e.m.c.i.embedder.EclipseLogger - Copying 0 resource
2017-12-26 19:38:37,192 [Worker-12] INFO  o.e.m.c.i.embedder.EclipseLogger - Using 'UTF-8' encoding to copy filtered resources.
2017-12-26 19:38:37,193 [Worker-12] INFO  o.e.m.c.i.embedder.EclipseLogger - Copying 0 resource
2017-12-26 19:38:37,194 [Worker-12] INFO  o.e.m.c.i.embedder.EclipseLogger - Copying 4 resources
2017-12-26 19:38:37,328 [Worker-12] INFO  o.e.m.c.i.embedder.EclipseLogger - Using 'UTF-8' encoding to copy filtered resources.
2017-12-26 19:38:37,329 [Worker-12] INFO  o.e.m.c.i.embedder.EclipseLogger - Copying 0 resource
2017-12-26 19:38:51,566 [Worker-29] INFO  o.e.m.i.launch.MavenLaunchDelegate - C:\workspaces\springBootTest\springboot-project-1
2017-12-26 19:38:51,567 [Worker-29] INFO  o.e.m.i.launch.MavenLaunchDelegate -  mvn -B clean
2017-12-26 19:38:56,032 [Worker-12] INFO  o.e.m.c.i.embedder.EclipseLogger - Using 'UTF-8' encoding to copy filtered resources.
2017-12-26 19:38:56,034 [Worker-12] INFO  o.e.m.c.i.embedder.EclipseLogger - Copying 1 resource
2017-12-26 19:38:56,040 [Worker-12] INFO  o.e.m.c.i.embedder.EclipseLogger - Copying 4 resources
2017-12-26 19:38:56,144 [Worker-12] INFO  o.e.m.c.i.embedder.EclipseLogger - Using 'UTF-8' encoding to copy filtered resources.
2017-12-26 19:38:56,145 [Worker-12] INFO  o.e.m.c.i.embedder.EclipseLogger - Copying 0 resource
2017-12-26 19:39:06,798 [Worker-23] INFO  o.e.m.i.launch.MavenLaunchDelegate - C:\workspaces\springBootTest\springboot-project-1
2017-12-26 19:39:06,798 [Worker-23] INFO  o.e.m.i.launch.MavenLaunchDelegate -  mvn -B install
2017-12-26 19:39:19,900 [Worker-23] INFO  o.e.m.c.i.embedder.EclipseLogger - Using 'UTF-8' encoding to copy filtered resources.
2017-12-26 19:39:19,902 [Worker-23] INFO  o.e.m.c.i.embedder.EclipseLogger - Copying 1 resource
2017-12-26 19:39:19,906 [Worker-23] INFO  o.e.m.c.i.embedder.EclipseLogger - Copying 4 resources
2017-12-26 19:39:19,910 [Worker-23] INFO  o.e.m.c.i.embedder.EclipseLogger - Using 'UTF-8' encoding to copy filtered resources.
2017-12-26 19:39:19,910 [Worker-23] INFO  o.e.m.c.i.embedder.EclipseLogger - Copying 0 resource
2017-12-26 19:42:17,164 [Worker-27] INFO  o.e.m.c.i.embedder.EclipseLogger - Using 'UTF-8' encoding to copy filtered resources.
2017-12-26 19:42:17,164 [Worker-27] INFO  o.e.m.c.i.embedder.EclipseLogger - Copying 0 resource
2017-12-26 19:42:17,165 [Worker-27] INFO  o.e.m.c.i.embedder.EclipseLogger - Copying 1 resource
2017-12-26 19:42:17,176 [Worker-27] INFO  o.e.m.c.i.embedder.EclipseLogger - Using 'UTF-8' encoding to copy filtered resources.
2017-12-26 19:42:17,177 [Worker-27] INFO  o.e.m.c.i.embedder.EclipseLogger - Copying 0 resource
2017-12-26 19:42:26,872 [Worker-23] INFO  o.e.m.i.launch.MavenLaunchDelegate - C:\workspaces\springBootTest\springboot-project-1
2017-12-26 19:42:26,872 [Worker-23] INFO  o.e.m.i.launch.MavenLaunchDelegate -  mvn -B clean
2017-12-26 19:42:31,917 [Worker-33] INFO  o.e.m.c.i.embedder.EclipseLogger - Using 'UTF-8' encoding to copy filtered resources.
2017-12-26 19:42:31,919 [Worker-33] INFO  o.e.m.c.i.embedder.EclipseLogger - Copying 1 resource
2017-12-26 19:42:31,924 [Worker-33] INFO  o.e.m.c.i.embedder.EclipseLogger - Copying 4 resources
2017-12-26 19:42:32,034 [Worker-33] INFO  o.e.m.c.i.embedder.EclipseLogger - Using 'UTF-8' encoding to copy filtered resources.
2017-12-26 19:42:32,035 [Worker-33] INFO  o.e.m.c.i.embedder.EclipseLogger - Copying 0 resource
2017-12-26 19:42:43,197 [Worker-33] INFO  o.e.m.i.launch.MavenLaunchDelegate - C:\workspaces\springBootTest\springboot-project-1
2017-12-26 19:42:43,197 [Worker-33] INFO  o.e.m.i.launch.MavenLaunchDelegate -  mvn -B install
2017-12-26 19:42:56,398 [Worker-32] INFO  o.e.m.c.i.embedder.EclipseLogger - Using 'UTF-8' encoding to copy filtered resources.
2017-12-26 19:42:56,400 [Worker-32] INFO  o.e.m.c.i.embedder.EclipseLogger - Copying 1 resource
2017-12-26 19:42:56,404 [Worker-32] INFO  o.e.m.c.i.embedder.EclipseLogger - Copying 4 resources
2017-12-26 19:42:56,408 [Worker-32] INFO  o.e.m.c.i.embedder.EclipseLogger - Using 'UTF-8' encoding to copy filtered resources.
2017-12-26 19:42:56,409 [Worker-32] INFO  o.e.m.c.i.embedder.EclipseLogger - Copying 0 resource
2017-12-26 19:44:08,906 [Worker-34] INFO  o.e.m.i.launch.MavenLaunchDelegate - C:\workspaces\springBootTest\springboot-project-1
2017-12-26 19:44:08,906 [Worker-34] INFO  o.e.m.i.launch.MavenLaunchDelegate -  mvn -B clean
2017-12-26 19:44:13,124 [Worker-33] INFO  o.e.m.c.i.embedder.EclipseLogger - Using 'UTF-8' encoding to copy filtered resources.
2017-12-26 19:44:13,126 [Worker-33] INFO  o.e.m.c.i.embedder.EclipseLogger - Copying 1 resource
2017-12-26 19:44:13,132 [Worker-33] INFO  o.e.m.c.i.embedder.EclipseLogger - Copying 4 resources
2017-12-26 19:44:13,257 [Worker-33] INFO  o.e.m.c.i.embedder.EclipseLogger - Using 'UTF-8' encoding to copy filtered resources.
2017-12-26 19:44:13,258 [Worker-33] INFO  o.e.m.c.i.embedder.EclipseLogger - Copying 0 resource
2017-12-26 19:44:26,228 [Worker-27] INFO  o.e.m.i.launch.MavenLaunchDelegate - C:\workspaces\springBootTest\springboot-project-1
2017-12-26 19:44:26,228 [Worker-27] INFO  o.e.m.i.launch.MavenLaunchDelegate -  mvn -B install
2017-12-26 19:44:39,481 [Worker-23] INFO  o.e.m.c.i.embedder.EclipseLogger - Using 'UTF-8' encoding to copy filtered resources.
2017-12-26 19:44:39,483 [Worker-23] INFO  o.e.m.c.i.embedder.EclipseLogger - Copying 1 resource
2017-12-26 19:44:39,487 [Worker-23] INFO  o.e.m.c.i.embedder.EclipseLogger - Copying 4 resources
2017-12-26 19:44:39,493 [Worker-23] INFO  o.e.m.c.i.embedder.EclipseLogger - Using 'UTF-8' encoding to copy filtered resources.
2017-12-26 19:44:39,493 [Worker-23] INFO  o.e.m.c.i.embedder.EclipseLogger - Copying 0 resource
2017-12-26 19:54:29,012 [Worker-34] INFO  o.e.m.c.i.embedder.EclipseLogger - Using 'UTF-8' encoding to copy filtered resources.
2017-12-26 19:54:29,013 [Worker-34] INFO  o.e.m.c.i.embedder.EclipseLogger - Copying 0 resource
2017-12-26 19:54:29,014 [Worker-34] INFO  o.e.m.c.i.embedder.EclipseLogger - Copying 1 resource
2017-12-26 19:54:29,029 [Worker-34] INFO  o.e.m.c.i.embedder.EclipseLogger - Using 'UTF-8' encoding to copy filtered resources.
2017-12-26 19:54:29,030 [Worker-34] INFO  o.e.m.c.i.embedder.EclipseLogger - Copying 0 resource
2017-12-26 19:55:39,912 [Worker-39] INFO  o.e.m.i.launch.MavenLaunchDelegate - C:\workspaces\springBootTest\springboot-project-1
2017-12-26 19:55:39,912 [Worker-39] INFO  o.e.m.i.launch.MavenLaunchDelegate -  mvn -B clean
2017-12-26 19:55:42,312 [Worker-39] INFO  o.e.m.c.i.embedder.EclipseLogger - Using 'UTF-8' encoding to copy filtered resources.
2017-12-26 19:55:42,315 [Worker-39] INFO  o.e.m.c.i.embedder.EclipseLogger - Copying 1 resource
2017-12-26 19:55:42,320 [Worker-39] INFO  o.e.m.c.i.embedder.EclipseLogger - Copying 4 resources
2017-12-26 19:55:42,357 [Worker-39] INFO  o.e.m.c.i.embedder.EclipseLogger - Using 'UTF-8' encoding to copy filtered resources.
2017-12-26 19:55:42,358 [Worker-39] INFO  o.e.m.c.i.embedder.EclipseLogger - Copying 0 resource
2017-12-26 19:55:52,501 [Worker-38] INFO  o.e.m.i.launch.MavenLaunchDelegate - C:\workspaces\springBootTest\springboot-project-1
2017-12-26 19:55:52,501 [Worker-38] INFO  o.e.m.i.launch.MavenLaunchDelegate -  mvn -B install
2017-12-26 19:55:59,511 [Worker-39] INFO  o.e.m.c.i.embedder.EclipseLogger - Using 'UTF-8' encoding to copy filtered resources.
2017-12-26 19:55:59,513 [Worker-39] INFO  o.e.m.c.i.embedder.EclipseLogger - Copying 1 resource
2017-12-26 19:55:59,515 [Worker-39] INFO  o.e.m.c.i.embedder.EclipseLogger - Copying 4 resources
2017-12-26 19:55:59,517 [Worker-39] INFO  o.e.m.c.i.embedder.EclipseLogger - Using 'UTF-8' encoding to copy filtered resources.
2017-12-26 19:55:59,518 [Worker-39] INFO  o.e.m.c.i.embedder.EclipseLogger - Copying 0 resource
